<?xml version="1.0" encoding="UTF-8"?>
<!-- Generated by org.testng.reporters.JUnitXMLReporter -->
<testsuite ignored="0" hostname="DESKTOP-TIC5DM4" failures="1" tests="1" name="Default test" time="3.342" errors="0" timestamp="2024-11-25T16:44:25 IST">
  <testcase classname="Annotatons.ReadExcel" name="login" time="0.01">
    <failure type="java.lang.Error" message="Unresolved compilation problems: 
	workbook cannot be resolved to a variable
	workbook cannot be resolved
	The annotation @Test is disallowed for this location
	void[] is an invalid type
	Syntax error on token &amp;quot;nameofuser&amp;quot;, AnnotationName expected after this token
	Illegal modifier for parameter nameofuser; only final is permitted
	Syntax error, insert &amp;quot;[ ]&amp;quot; to complete Dimension
	Syntax error, insert &amp;quot;;&amp;quot; to complete LocalVariableDeclarationStatement
	The annotation @Test is disallowed for this location
	void[] is an invalid type
	Syntax error on token &amp;quot;addtocart&amp;quot;, AnnotationName expected after this token
	Illegal modifier for parameter addtocart; only final is permitted
	Syntax error, insert &amp;quot;[ ]&amp;quot; to complete Dimension
	Syntax error, insert &amp;quot;;&amp;quot; to complete LocalVariableDeclarationStatement
	The annotation @Test is disallowed for this location
	void[] is an invalid type
	Syntax error on token &amp;quot;checkout&amp;quot;, AnnotationName expected after this token
	Illegal modifier for parameter checkout; only final is permitted
	Syntax error, insert &amp;quot;[ ]&amp;quot; to complete Dimension
	Syntax error, insert &amp;quot;;&amp;quot; to complete LocalVariableDeclarationStatement
	The annotation @AfterTest is disallowed for this location
	void[] is an invalid type
	Syntax error on token &amp;quot;logout&amp;quot;, AnnotationName expected after this token
	Illegal modifier for parameter logout; only final is permitted
	Syntax error, insert &amp;quot;[ ]&amp;quot; to complete Dimension
	Syntax error, insert &amp;quot;;&amp;quot; to complete LocalVariableDeclarationStatement
">
      <![CDATA[java.lang.Error: Unresolved compilation problems: 
workbook cannot be resolved to a variable
workbook cannot be resolved
The annotation @Test is disallowed for this location
void[] is an invalid type
Syntax error on token "nameofuser", AnnotationName expected after this token
Illegal modifier for parameter nameofuser; only final is permitted
Syntax error, insert "[ ]" to complete Dimension
Syntax error, insert ";" to complete LocalVariableDeclarationStatement
The annotation @Test is disallowed for this location
void[] is an invalid type
Syntax error on token "addtocart", AnnotationName expected after this token
Illegal modifier for parameter addtocart; only final is permitted
Syntax error, insert "[ ]" to complete Dimension
Syntax error, insert ";" to complete LocalVariableDeclarationStatement
The annotation @Test is disallowed for this location
void[] is an invalid type
Syntax error on token "checkout", AnnotationName expected after this token
Illegal modifier for parameter checkout; only final is permitted
Syntax error, insert "[ ]" to complete Dimension
Syntax error, insert ";" to complete LocalVariableDeclarationStatement
The annotation @AfterTest is disallowed for this location
void[] is an invalid type
Syntax error on token "logout", AnnotationName expected after this token
Illegal modifier for parameter logout; only final is permitted
Syntax error, insert "[ ]" to complete Dimension
Syntax error, insert ";" to complete LocalVariableDeclarationStatement

at Annotatons.ReadExcel.login(ReadExcel.java:42)
at java.base/jdk.internal.reflect.DirectMethodHandleAccessor.invoke(DirectMethodHandleAccessor.java:103)
at java.base/java.lang.reflect.Method.invoke(Method.java:580)
at org.testng.internal.MethodInvocationHelper.invokeMethod(MethodInvocationHelper.java:133)
at org.testng.internal.TestInvoker.invokeMethod(TestInvoker.java:598)
at org.testng.internal.TestInvoker.invokeTestMethod(TestInvoker.java:173)
at org.testng.internal.MethodRunner.runInSequence(MethodRunner.java:46)
at org.testng.internal.TestInvoker$MethodInvocationAgent.invoke(TestInvoker.java:824)
at org.testng.internal.TestInvoker.invokeTestMethods(TestInvoker.java:146)
at org.testng.internal.TestMethodWorker.invokeTestMethods(TestMethodWorker.java:146)
at org.testng.internal.TestMethodWorker.run(TestMethodWorker.java:128)
at java.base/java.util.ArrayList.forEach(ArrayList.java:1597)
at org.testng.TestRunner.privateRun(TestRunner.java:794)
at org.testng.TestRunner.run(TestRunner.java:596)
at org.testng.SuiteRunner.runTest(SuiteRunner.java:377)
at org.testng.SuiteRunner.runSequentially(SuiteRunner.java:371)
at org.testng.SuiteRunner.privateRun(SuiteRunner.java:332)
at org.testng.SuiteRunner.run(SuiteRunner.java:276)
at org.testng.SuiteRunnerWorker.runSuite(SuiteRunnerWorker.java:53)
at org.testng.SuiteRunnerWorker.run(SuiteRunnerWorker.java:96)
at org.testng.TestNG.runSuitesSequentially(TestNG.java:1212)
at org.testng.TestNG.runSuitesLocally(TestNG.java:1134)
at org.testng.TestNG.runSuites(TestNG.java:1063)
at org.testng.TestNG.run(TestNG.java:1031)
at org.testng.remote.AbstractRemoteTestNG.run(AbstractRemoteTestNG.java:115)
at org.testng.remote.RemoteTestNG.initAndRun(RemoteTestNG.java:293)
at org.testng.remote.RemoteTestNG.main(RemoteTestNG.java:91)
]]>
    </failure>
  </testcase> <!-- login -->
</testsuite> <!-- Default test -->
